<?xml version="1.0" encoding="UTF-8"?>
<!-- Generated by org.testng.reporters.JUnitReportReporter -->
<testsuite hostname="BVIAHMLAP-586" failures="0" tests="1" name="com.qa.TestLayer.DashboardPageTest" time="38.029" errors="0" timestamp="2025-01-08T16:42:41 IST" skipped="0">
  <testcase classname="com.qa.TestLayer.DashboardPageTest" name="verifyDashboardMenus" time="38.029"/>
</testsuite> <!-- com.qa.TestLayer.DashboardPageTest -->
