<?xml version="1.0" encoding="UTF-8"?>
<!-- Generated by org.testng.reporters.JUnitReportReporter -->
<testsuite hostname="BVIAHMLAP-586" failures="0" tests="1" name="com.qa.TestLayer.LoginPageTest" time="9.555" errors="0" timestamp="2024-12-23T18:04:35 IST" skipped="0">
  <testcase classname="com.qa.TestLayer.LoginPageTest" name="verfiyLoginFunctionality" time="9.555"/>
</testsuite> <!-- com.qa.TestLayer.LoginPageTest -->
